<?xml version="1.0" encoding="UTF-8"?>
<!-- Generated by org.testng.reporters.JUnitReportReporter -->
<testsuite skipped="19" hostname="Clayton" name="com.revature.test.admin.testclasses.AssociateListTest" tests="21" failures="0" timestamp="21 Feb 2018 14:54:09 GMT" time="12.559" errors="0">
  <testcase name="NavigateToAssociateListTab" time="2.231" classname="com.revature.test.admin.testclasses.AssociateListTest"/>
  <testcase name="EditAssociateInformation" time="10.328" classname="com.revature.test.admin.testclasses.AssociateListTest"/>
  <testcase name="sortByFirstNameInDescendingOrder" classname="com.revature.test.admin.testclasses.AssociateListTest">
    <skipped/>
  </testcase> <!-- sortByFirstNameInDescendingOrder -->
  <testcase name="filterByMarketingStatusSearch" classname="com.revature.test.admin.testclasses.AssociateListTest">
    <skipped/>
  </testcase> <!-- filterByMarketingStatusSearch -->
  <testcase name="sortByLastNameInDescendingOrder" classname="com.revature.test.admin.testclasses.AssociateListTest">
    <skipped/>
  </testcase> <!-- sortByLastNameInDescendingOrder -->
  <testcase name="filterByClientNameSearch" classname="com.revature.test.admin.testclasses.AssociateListTest">
    <skipped/>
  </testcase> <!-- filterByClientNameSearch -->
  <testcase name="sortByBatchNameInAscendingOrder" classname="com.revature.test.admin.testclasses.AssociateListTest">
    <skipped/>
  </testcase> <!-- sortByBatchNameInAscendingOrder -->
  <testcase name="sortByLastNameInAscendingOrder" classname="com.revature.test.admin.testclasses.AssociateListTest">
    <skipped/>
  </testcase> <!-- sortByLastNameInAscendingOrder -->
  <testcase name="filterByFirstNameSearch" classname="com.revature.test.admin.testclasses.AssociateListTest">
    <skipped/>
  </testcase> <!-- filterByFirstNameSearch -->
  <testcase name="sortByBatchNameInDescendingOrder" classname="com.revature.test.admin.testclasses.AssociateListTest">
    <skipped/>
  </testcase> <!-- sortByBatchNameInDescendingOrder -->
  <testcase name="sortByMarketinStatusInAscendingOrder" classname="com.revature.test.admin.testclasses.AssociateListTest">
    <skipped/>
  </testcase> <!-- sortByMarketinStatusInAscendingOrder -->
  <testcase name="filterByCurriculumDropDown" classname="com.revature.test.admin.testclasses.AssociateListTest">
    <skipped/>
  </testcase> <!-- filterByCurriculumDropDown -->
  <testcase name="sortByCientNameInDescendingOrder" classname="com.revature.test.admin.testclasses.AssociateListTest">
    <skipped/>
  </testcase> <!-- sortByCientNameInDescendingOrder -->
  <testcase name="sortByFirstNameInAscendingOrder" classname="com.revature.test.admin.testclasses.AssociateListTest">
    <skipped/>
  </testcase> <!-- sortByFirstNameInAscendingOrder -->
  <testcase name="filterByLastNameSearch" classname="com.revature.test.admin.testclasses.AssociateListTest">
    <skipped/>
  </testcase> <!-- filterByLastNameSearch -->
  <testcase name="sortByAssociateIdInDescendingOrder" classname="com.revature.test.admin.testclasses.AssociateListTest">
    <skipped/>
  </testcase> <!-- sortByAssociateIdInDescendingOrder -->
  <testcase name="filterByBatchNameSearch" classname="com.revature.test.admin.testclasses.AssociateListTest">
    <skipped/>
  </testcase> <!-- filterByBatchNameSearch -->
  <testcase name="sortByCientNameInAscendingOrder" classname="com.revature.test.admin.testclasses.AssociateListTest">
    <skipped/>
  </testcase> <!-- sortByCientNameInAscendingOrder -->
  <testcase name="sortByMarketinStatusInDescendingOrder" classname="com.revature.test.admin.testclasses.AssociateListTest">
    <skipped/>
  </testcase> <!-- sortByMarketinStatusInDescendingOrder -->
  <testcase name="sortByAssociateIdInAscendingOrder" classname="com.revature.test.admin.testclasses.AssociateListTest">
    <skipped/>
  </testcase> <!-- sortByAssociateIdInAscendingOrder -->
  <testcase name="filterByAssociateIdSearch" classname="com.revature.test.admin.testclasses.AssociateListTest">
    <skipped/>
  </testcase> <!-- filterByAssociateIdSearch -->
</testsuite> <!-- com.revature.test.admin.testclasses.AssociateListTest -->
