<?xml version="1.0" encoding="UTF-8"?>
<!-- Generated by org.testng.reporters.JUnitReportReporter -->
<testsuite skipped="0" hostname="Clayton" name="com.revature.test.admin.testclasses.LoginTest" tests="6" failures="0" timestamp="20 Feb 2018 21:56:42 GMT" time="0.165" errors="0">
  <testcase name="feature" time="0.009" classname="com.revature.test.admin.testclasses.LoginTest"/>
  <testcase name="feature" time="0.006" classname="com.revature.test.admin.testclasses.LoginTest"/>
  <testcase name="feature" time="0.008" classname="com.revature.test.admin.testclasses.LoginTest"/>
  <testcase name="feature" time="0.002" classname="com.revature.test.admin.testclasses.LoginTest"/>
  <testcase name="feature" time="0.035" classname="com.revature.test.admin.testclasses.LoginTest"/>
  <testcase name="IndexPage" time="0.105" classname="com.revature.test.admin.testclasses.LoginTest"/>
</testsuite> <!-- com.revature.test.admin.testclasses.LoginTest -->
