<?xml version="1.0" encoding="UTF-8"?>
<!-- Generated by org.testng.reporters.JUnitReportReporter -->
<testsuite skipped="4" hostname="Clayton" name="com.revature.test.admin.testclasses.HomeTest" tests="7" failures="0" timestamp="21 Feb 2018 14:54:09 GMT" time="4.686" errors="0">
  <testcase name="NavigateToHomeTab" time="2.294" classname="com.revature.test.admin.testclasses.HomeTest"/>
  <testcase name="clickEmail" time="1.187" classname="com.revature.test.admin.testclasses.HomeTest"/>
  <testcase name="clickWebSite" time="1.205" classname="com.revature.test.admin.testclasses.HomeTest"/>
  <testcase name="clickStatic" classname="com.revature.test.admin.testclasses.HomeTest">
    <skipped/>
  </testcase> <!-- clickStatic -->
  <testcase name="clickEmpty" classname="com.revature.test.admin.testclasses.HomeTest">
    <skipped/>
  </testcase> <!-- clickEmpty -->
  <testcase name="clickPopulate" classname="com.revature.test.admin.testclasses.HomeTest">
    <skipped/>
  </testcase> <!-- clickPopulate -->
  <testcase name="clickPhone" classname="com.revature.test.admin.testclasses.HomeTest">
    <skipped/>
  </testcase> <!-- clickPhone -->
</testsuite> <!-- com.revature.test.admin.testclasses.HomeTest -->
